<?xml version="1.0" encoding="UTF-8"?>
<testsuite name="One passing scenario, one failing scenario" failures="1" errors="0" tests="2">
<testcase classname="One passing scenario, one failing scenario.Passing" name="Given a passing scenario">
</testcase>
<testcase classname="One passing scenario, one failing scenario.Failing" name="Given a failing scenario">
  <failure message="Given a failing scenario">
 (RuntimeError)
./features/step_definitions/steps.rb:6:in `/a failing scenario/'
features/one_passing_one_failing.feature:7:in `Given a failing scenario'  </failure>
</testcase>
</testsuite>
